2025-07-18 14:14:48,882 - database.database - INFO - Создан движок
2025-07-18 14:16:26,686 - database.database - INFO - Создан движок
2025-07-18 14:16:50,651 - database.database - INFO - Создан движок
2025-07-18 14:17:11,201 - database.database - INFO - Создан движок
2025-07-18 14:17:24,512 - database.database - INFO - Создан движок
2025-07-18 14:17:38,768 - database.database - INFO - Создан движок
2025-07-18 14:19:33,262 - database.database - INFO - Создан движок
2025-07-18 14:20:24,209 - database.database - INFO - Создан движок
2025-07-18 14:20:25,226 - database.database - INFO - Создан движок
2025-07-18 14:20:25,480 - api - INFO - Инициализация базы данных...
2025-07-18 14:20:25,540 - api - ERROR - Ошибка при запуске: When initializing mapper Mapper[User(users)], expression 'PredictionTask' failed to locate a name ('PredictionTask'). If this is a class name, consider adding this relationship() to the <class 'models.User.User'> class after both dependent classes have been defined.
2025-07-18 14:21:36,674 - database.database - INFO - Создан движок
2025-07-18 14:21:36,914 - api - INFO - Инициализация базы данных...
2025-07-18 14:21:36,993 - api - ERROR - Ошибка при запуске: Mapper 'Mapper[User(users)]' has no property 'predictions'.  If this property was indicated from other mappers or configure events, ensure registry.configure() has been called.
2025-07-18 14:26:19,188 - database.database - INFO - Создан движок
2025-07-18 14:26:19,422 - api - INFO - Инициализация базы данных...
2025-07-18 14:26:19,495 - api - ERROR - Ошибка при запуске: Mapper 'Mapper[User(users)]' has no property 'predictions'.  If this property was indicated from other mappers or configure events, ensure registry.configure() has been called.
2025-07-18 14:26:42,221 - database.database - INFO - Создан движок
2025-07-18 14:26:43,274 - database.database - INFO - Создан движок
2025-07-18 14:26:43,492 - api - INFO - Инициализация базы данных...
2025-07-18 14:26:43,568 - api - ERROR - Ошибка при запуске: Mapper 'Mapper[User(users)]' has no property 'predictions'.  If this property was indicated from other mappers or configure events, ensure registry.configure() has been called.
2025-07-18 14:28:09,716 - database.database - INFO - Создан движок
2025-07-18 14:28:09,943 - api - INFO - Инициализация базы данных...
2025-07-18 14:28:10,399 - models.services.user - INFO - Создан пользователь
2025-07-18 14:28:10,804 - models.services.user - INFO - Создан пользователь
2025-07-18 14:28:10,808 - models.services.balance - INFO - Создан баланс
2025-07-18 14:28:10,815 - models.services.balance - INFO - Создан баланс
2025-07-18 14:28:10,823 - database.database - INFO - База данных собрана с начальными значениями
2025-07-18 14:28:10,824 - api - INFO - Запуск приложения успешно завершен
2025-07-18 14:36:44,274 - api - INFO - Завершение работы
2025-07-18 14:36:45,629 - database.database - INFO - Создан движок
2025-07-18 14:36:46,104 - database.database - INFO - Создан движок
2025-07-18 14:36:47,180 - database.database - INFO - Создан движок
2025-07-18 14:36:47,401 - api - INFO - Инициализация базы данных...
2025-07-18 14:36:47,841 - models.services.user - INFO - Создан пользователь
2025-07-18 14:36:48,210 - models.services.user - INFO - Создан пользователь
2025-07-18 14:36:48,215 - models.services.balance - INFO - Создан баланс
2025-07-18 14:36:48,220 - models.services.balance - INFO - Создан баланс
2025-07-18 14:36:48,227 - database.database - INFO - База данных собрана с начальными значениями
2025-07-18 14:36:48,228 - api - INFO - Запуск приложения успешно завершен
2025-07-18 14:38:09,202 - api - INFO - Завершение работы
2025-07-18 14:38:10,039 - database.database - INFO - Создан движок
2025-07-18 14:38:10,264 - api - INFO - Инициализация базы данных...
2025-07-18 14:38:10,718 - models.services.user - INFO - Создан пользователь
2025-07-18 14:38:11,078 - models.services.user - INFO - Создан пользователь
2025-07-18 14:38:11,082 - models.services.balance - INFO - Создан баланс
2025-07-18 14:38:11,087 - models.services.balance - INFO - Создан баланс
2025-07-18 14:38:11,097 - database.database - INFO - База данных собрана с начальными значениями
2025-07-18 14:38:11,098 - api - INFO - Запуск приложения успешно завершен
2025-07-18 14:38:45,085 - routes.home - INFO - Запрос на сайт
2025-07-18 14:38:54,239 - routes.login - INFO - Введен неверный пароль
2025-07-18 14:39:15,175 - api - INFO - Завершение работы
2025-07-18 14:39:16,019 - database.database - INFO - Создан движок
2025-07-18 14:39:16,235 - api - INFO - Инициализация базы данных...
2025-07-18 14:39:16,719 - models.services.user - INFO - Создан пользователь
2025-07-18 14:39:17,113 - models.services.user - INFO - Создан пользователь
2025-07-18 14:39:17,119 - models.services.balance - INFO - Создан баланс
2025-07-18 14:39:17,133 - models.services.balance - INFO - Создан баланс
2025-07-18 14:39:17,141 - database.database - INFO - База данных собрана с начальными значениями
2025-07-18 14:39:17,142 - api - INFO - Запуск приложения успешно завершен
2025-07-18 14:39:29,587 - routes.login - INFO - Введен неверный пароль
2025-07-18 14:39:32,502 - routes.login - INFO - Введен неверный пароль
2025-07-18 14:39:58,866 - api - INFO - Завершение работы
2025-07-18 14:39:59,691 - database.database - INFO - Создан движок
2025-07-18 14:39:59,919 - api - INFO - Инициализация базы данных...
2025-07-18 14:40:00,360 - models.services.user - INFO - Создан пользователь
2025-07-18 14:40:00,727 - models.services.user - INFO - Создан пользователь
2025-07-18 14:40:00,733 - models.services.balance - INFO - Создан баланс
2025-07-18 14:40:00,739 - models.services.balance - INFO - Создан баланс
2025-07-18 14:40:00,748 - database.database - INFO - База данных собрана с начальными значениями
2025-07-18 14:40:00,748 - api - INFO - Запуск приложения успешно завершен
2025-07-18 14:40:04,543 - routes.login - INFO - Выполнен вход
2025-07-18 14:40:04,553 - auth.jwt_handler - INFO - Токен расшифрован успешно
2025-07-18 14:40:04,554 - routes.home - INFO - Запрос на сайт
2025-07-18 14:40:08,665 - auth.jwt_handler - INFO - Токен расшифрован успешно
2025-07-18 14:40:08,670 - routes.balance - INFO - Запрос баланса
2025-07-18 14:40:11,750 - auth.jwt_handler - INFO - Токен расшифрован успешно
2025-07-18 14:40:11,751 - routes.home - INFO - Запрос на сайт
2025-07-18 14:40:28,378 - auth.jwt_handler - INFO - Токен расшифрован успешно
2025-07-18 14:42:00,505 - api - INFO - Завершение работы
2025-07-18 14:42:01,732 - database.database - INFO - Создан движок
2025-07-18 14:42:02,008 - api - INFO - Инициализация базы данных...
2025-07-18 14:42:02,471 - models.services.user - INFO - Создан пользователь
2025-07-18 14:42:02,859 - models.services.user - INFO - Создан пользователь
2025-07-18 14:42:02,865 - models.services.balance - INFO - Создан баланс
2025-07-18 14:42:02,871 - models.services.balance - INFO - Создан баланс
2025-07-18 14:42:02,886 - database.database - INFO - База данных собрана с начальными значениями
2025-07-18 14:42:02,887 - api - INFO - Запуск приложения успешно завершен
2025-07-18 14:43:39,266 - api - INFO - Завершение работы
2025-07-18 14:43:40,173 - database.database - INFO - Создан движок
2025-07-18 14:43:40,409 - api - INFO - Инициализация базы данных...
2025-07-18 14:43:40,839 - models.services.user - INFO - Создан пользователь
2025-07-18 14:43:41,197 - models.services.user - INFO - Создан пользователь
2025-07-18 14:43:41,204 - models.services.balance - INFO - Создан баланс
2025-07-18 14:43:41,213 - models.services.balance - INFO - Создан баланс
2025-07-18 14:43:41,228 - database.database - INFO - База данных собрана с начальными значениями
2025-07-18 14:43:41,230 - api - INFO - Запуск приложения успешно завершен
2025-07-18 14:43:41,239 - auth.jwt_handler - INFO - Токен расшифрован успешно
2025-07-18 14:43:41,243 - models.services.transaction - DEBUG - Listing transactions for user_id=1
2025-07-18 14:43:41,249 - models.services.transaction - INFO - Retrieved 0 transactions for user_id=1
2025-07-18 14:43:51,520 - auth.jwt_handler - INFO - Токен расшифрован успешно
2025-07-18 14:43:51,527 - routes.Model - INFO - Запрос предсказания
2025-07-18 14:49:54,505 - api - INFO - Завершение работы
2025-07-18 14:49:55,273 - database.database - INFO - Создан движок
2025-07-18 14:49:55,476 - api - INFO - Инициализация базы данных...
2025-07-18 14:49:55,902 - models.services.user - INFO - Создан пользователь
2025-07-18 14:49:56,251 - models.services.user - INFO - Создан пользователь
2025-07-18 14:49:56,257 - models.services.balance - INFO - Создан баланс
2025-07-18 14:49:56,264 - models.services.balance - INFO - Создан баланс
2025-07-18 14:49:56,273 - database.database - INFO - База данных собрана с начальными значениями
2025-07-18 14:49:56,273 - api - INFO - Запуск приложения успешно завершен
2025-07-18 14:49:58,296 - auth.jwt_handler - INFO - Токен расшифрован успешно
2025-07-18 14:49:58,313 - routes.Model - INFO - Запрос предсказания
2025-07-18 14:49:58,327 - routes.Model - INFO - Вызов RPC клиента
2025-07-18 14:50:23,643 - auth.jwt_handler - INFO - Токен расшифрован успешно
2025-07-18 14:50:24,140 - api - INFO - Завершение работы
2025-07-18 14:50:47,507 - database.database - INFO - Создан движок
2025-07-18 14:50:47,890 - database.database - INFO - Создан движок
2025-07-18 14:50:48,998 - database.database - INFO - Создан движок
2025-07-18 14:50:49,332 - api - INFO - Инициализация базы данных...
2025-07-18 14:50:49,771 - models.services.user - INFO - Создан пользователь
2025-07-18 14:50:50,213 - models.services.user - INFO - Создан пользователь
2025-07-18 14:50:50,226 - models.services.balance - INFO - Создан баланс
2025-07-18 14:50:50,249 - models.services.balance - INFO - Создан баланс
2025-07-18 14:50:50,272 - database.database - INFO - База данных собрана с начальными значениями
2025-07-18 14:50:50,274 - api - INFO - Запуск приложения успешно завершен
2025-07-18 14:50:56,594 - auth.jwt_handler - INFO - Токен расшифрован успешно
2025-07-18 14:50:56,600 - models.services.transaction - DEBUG - Listing transactions for user_id=1
2025-07-18 14:50:56,605 - models.services.transaction - INFO - Retrieved 0 transactions for user_id=1
2025-07-18 14:51:01,111 - auth.jwt_handler - INFO - Токен расшифрован успешно
2025-07-18 14:51:01,112 - routes.home - INFO - Запрос на сайт
2025-07-18 14:51:02,757 - auth.jwt_handler - INFO - Токен расшифрован успешно
2025-07-18 14:51:02,765 - routes.balance - INFO - Запрос баланса
2025-07-18 14:51:06,853 - auth.jwt_handler - INFO - Токен расшифрован успешно
2025-07-18 14:51:06,857 - routes.balance - ERROR - Баланс не пополнен
2025-07-18 14:52:30,967 - api - INFO - Завершение работы
2025-07-18 14:52:32,038 - database.database - INFO - Создан движок
2025-07-18 14:52:32,258 - api - INFO - Инициализация базы данных...
2025-07-18 14:52:32,675 - models.services.user - INFO - Создан пользователь
2025-07-18 14:52:33,042 - models.services.user - INFO - Создан пользователь
2025-07-18 14:52:33,046 - models.services.balance - INFO - Создан баланс
2025-07-18 14:52:33,053 - models.services.balance - INFO - Создан баланс
2025-07-18 14:52:33,062 - database.database - INFO - База данных собрана с начальными значениями
2025-07-18 14:52:33,063 - api - INFO - Запуск приложения успешно завершен
2025-07-18 14:52:33,436 - auth.jwt_handler - INFO - Токен расшифрован успешно
2025-07-18 14:52:33,450 - routes.balance - INFO - Баланс пополнен
2025-07-18 14:52:37,343 - auth.jwt_handler - INFO - Токен расшифрован успешно
2025-07-18 14:52:37,354 - routes.balance - INFO - Баланс пополнен
2025-07-18 14:55:01,554 - api - INFO - Завершение работы
2025-07-18 14:55:02,452 - database.database - INFO - Создан движок
2025-07-18 14:55:02,694 - api - INFO - Инициализация базы данных...
2025-07-18 14:55:03,125 - models.services.user - INFO - Создан пользователь
2025-07-18 14:55:03,473 - models.services.user - INFO - Создан пользователь
2025-07-18 14:55:03,480 - models.services.balance - INFO - Создан баланс
2025-07-18 14:55:03,489 - models.services.balance - INFO - Создан баланс
2025-07-18 14:55:03,499 - database.database - INFO - База данных собрана с начальными значениями
2025-07-18 14:55:03,499 - api - INFO - Запуск приложения успешно завершен
2025-07-18 14:55:04,470 - auth.jwt_handler - INFO - Токен расшифрован успешно
2025-07-18 14:55:04,483 - routes.balance - INFO - Баланс пополнен
2025-07-18 14:55:09,470 - auth.jwt_handler - INFO - Токен расшифрован успешно
2025-07-18 14:55:09,479 - routes.balance - INFO - Баланс пополнен
2025-07-18 14:59:36,428 - api - INFO - Завершение работы
2025-07-18 14:59:37,399 - database.database - INFO - Создан движок
2025-07-18 14:59:37,646 - api - INFO - Инициализация базы данных...
2025-07-18 14:59:38,091 - models.services.user - INFO - Создан пользователь
2025-07-18 14:59:38,438 - models.services.user - INFO - Создан пользователь
2025-07-18 14:59:38,444 - models.services.balance - INFO - Создан баланс
2025-07-18 14:59:38,456 - models.services.balance - INFO - Создан баланс
2025-07-18 14:59:38,467 - database.database - INFO - База данных собрана с начальными значениями
2025-07-18 14:59:38,468 - api - INFO - Запуск приложения успешно завершен
2025-07-18 14:59:39,336 - auth.jwt_handler - INFO - Токен расшифрован успешно
2025-07-18 14:59:39,362 - routes.balance - INFO - Баланс пополнен
2025-07-18 14:59:39,363 - models.services.transaction - DEBUG - Creating transaction: user_id=1, tx_type=deposit, amount=1.0
2025-07-18 14:59:39,366 - models.services.transaction - ERROR - Transaction failed: invalid tx_type=deposit
2025-07-18 14:59:44,951 - auth.jwt_handler - INFO - Токен расшифрован успешно
2025-07-18 14:59:44,964 - routes.balance - INFO - Запрос баланса
2025-07-18 14:59:47,371 - auth.jwt_handler - INFO - Токен расшифрован успешно
2025-07-18 14:59:47,384 - routes.balance - INFO - Баланс пополнен
2025-07-18 14:59:47,384 - models.services.transaction - DEBUG - Creating transaction: user_id=1, tx_type=deposit, amount=1.0
2025-07-18 14:59:47,386 - models.services.transaction - ERROR - Transaction failed: invalid tx_type=deposit
2025-07-18 15:01:28,958 - api - INFO - Завершение работы
2025-07-18 15:01:29,987 - database.database - INFO - Создан движок
2025-07-18 15:01:30,261 - api - INFO - Инициализация базы данных...
2025-07-18 15:01:30,703 - models.services.user - INFO - Создан пользователь
2025-07-18 15:01:31,072 - models.services.user - INFO - Создан пользователь
2025-07-18 15:01:31,079 - models.services.balance - INFO - Создан баланс
2025-07-18 15:01:31,088 - models.services.balance - INFO - Создан баланс
2025-07-18 15:01:31,100 - database.database - INFO - База данных собрана с начальными значениями
2025-07-18 15:01:31,100 - api - INFO - Запуск приложения успешно завершен
2025-07-18 15:01:31,211 - auth.jwt_handler - INFO - Токен расшифрован успешно
2025-07-18 15:01:31,222 - routes.balance - INFO - Баланс пополнен
2025-07-18 15:01:31,223 - models.services.transaction - DEBUG - Creating transaction: user_id=1, tx_type=deposit, amount=1.0
2025-07-18 15:01:31,234 - models.services.transaction - INFO - Transaction created: tx_id=1, user_id=1, type=deposit, amount=1.0
2025-07-18 15:01:33,720 - auth.jwt_handler - INFO - Токен расшифрован успешно
2025-07-18 15:01:33,735 - routes.balance - INFO - Баланс пополнен
2025-07-18 15:01:33,738 - models.services.transaction - DEBUG - Creating transaction: user_id=1, tx_type=deposit, amount=2.0
2025-07-18 15:01:33,756 - models.services.transaction - INFO - Transaction created: tx_id=2, user_id=1, type=deposit, amount=2.0
2025-07-18 15:01:36,945 - auth.jwt_handler - INFO - Токен расшифрован успешно
2025-07-18 15:01:36,961 - routes.balance - INFO - Баланс пополнен
2025-07-18 15:01:36,962 - models.services.transaction - DEBUG - Creating transaction: user_id=1, tx_type=deposit, amount=18.0
2025-07-18 15:01:36,969 - models.services.transaction - INFO - Transaction created: tx_id=3, user_id=1, type=deposit, amount=18.0
2025-07-18 15:01:40,424 - auth.jwt_handler - INFO - Токен расшифрован успешно
2025-07-18 15:01:40,424 - routes.home - INFO - Запрос на сайт
2025-07-18 15:01:41,850 - auth.jwt_handler - INFO - Токен расшифрован успешно
2025-07-18 15:01:41,852 - models.services.transaction - DEBUG - Listing transactions for user_id=1
2025-07-18 15:01:41,858 - models.services.transaction - INFO - Retrieved 3 transactions for user_id=1
2025-07-18 15:01:50,022 - auth.jwt_handler - INFO - Токен расшифрован успешно
2025-07-18 15:01:50,027 - routes.Model - INFO - Запрос предсказания
2025-07-18 15:01:50,033 - routes.Model - INFO - Вызов RPC клиента
2025-07-18 15:03:59,333 - api - INFO - Завершение работы
